[  0%] Built target std_msgs_generate_messages_nodejs
[  0%] Built target geometry_msgs_generate_messages_nodejs
[  0%] Built target tf_generate_messages_nodejs
[  0%] Built target actionlib_msgs_generate_messages_nodejs
[  0%] Built target actionlib_msgs_generate_messages_lisp
[  0%] Built target nav_msgs_generate_messages_lisp
[  0%] Built target nav_msgs_generate_messages_nodejs
[  0%] Built target std_msgs_generate_messages_lisp
[  1%] Built target geometry_msgs_generate_messages_lisp
[  3%] Built target tracking_pid_gencfg
[  3%] Built target _tracking_pid_generate_messages_check_deps_FollowPathActionFeedback
[  3%] Built target _tracking_pid_generate_messages_check_deps_FollowPathActionGoal
[  3%] Built target visualization_msgs_generate_messages_py
[  3%] Built target _tracking_pid_generate_messages_check_deps_FollowPathResult
[  3%] Built target _tracking_pid_generate_messages_check_deps_PidDebug
[  3%] Built target _tracking_pid_generate_messages_check_deps_FollowPathActionResult
[  3%] Built target _tracking_pid_generate_messages_check_deps_trajectory
[  3%] Built target _tracking_pid_generate_messages_check_deps_FollowPathFeedback
[  3%] Built target _tracking_pid_generate_messages_check_deps_FollowPathAction
[  3%] Built target _tracking_pid_generate_messages_check_deps_FollowPathGoal
[  3%] Built target visualization_msgs_generate_messages_nodejs
[  3%] Built target _tracking_pid_generate_messages_check_deps_traj_point
[  3%] Built target visualization_msgs_generate_messages_lisp
[  3%] Built target nav_msgs_generate_messages_eus
[  3%] Built target geometry_msgs_generate_messages_eus
[  3%] Built target actionlib_msgs_generate_messages_eus
[  3%] Built target std_msgs_generate_messages_eus
[  3%] Built target sensor_msgs_generate_messages_nodejs
[  3%] Built target tf2_msgs_generate_messages_nodejs
[  3%] Built target roscpp_generate_messages_eus
[  3%] Built target sensor_msgs_generate_messages_py
[  3%] Built target tf2_msgs_generate_messages_eus
[  3%] Built target roscpp_generate_messages_cpp
[  3%] Built target tf2_msgs_generate_messages_lisp
[  3%] Built target visualization_msgs_generate_messages_cpp
[  3%] Built target sensor_msgs_generate_messages_eus
[  3%] Built target sensor_msgs_generate_messages_lisp
[  3%] Built target roscpp_generate_messages_nodejs
[  3%] Built target std_msgs_generate_messages_py
[  3%] Built target std_msgs_generate_messages_cpp
[  3%] Built target actionlib_msgs_generate_messages_py
[  3%] Built target rosgraph_msgs_generate_messages_nodejs
[  3%] Built target roscpp_generate_messages_lisp
[  3%] Built target rosgraph_msgs_generate_messages_lisp
[  3%] Built target actionlib_generate_messages_cpp
[  3%] Built target tf_generate_messages_eus
[  3%] Built target actionlib_generate_messages_py
[  3%] Built target actionlib_generate_messages_lisp
[  3%] Built target _catkin_empty_exported_target
[  3%] Built target actionlib_generate_messages_nodejs
[  3%] Built target rosgraph_msgs_generate_messages_py
[  3%] Built target geometry_msgs_generate_messages_py
[  3%] Built target actionlib_generate_messages_eus
[  3%] Built target actionlib_msgs_generate_messages_cpp
[  3%] Built target std_srvs_generate_messages_py
[  3%] Built target nav_msgs_generate_messages_py
[  3%] Built target roscpp_generate_messages_py
[  3%] Built target rosgraph_msgs_generate_messages_cpp
[  3%] Built target tf_generate_messages_py
[  3%] Built target dynamic_reconfigure_generate_messages_py
[  3%] Built target visualization_msgs_generate_messages_eus
[  3%] Built target std_srvs_generate_messages_cpp
[  3%] Built target nav_msgs_generate_messages_cpp
[  3%] Built target std_srvs_generate_messages_nodejs
[  3%] Built target dynamic_reconfigure_generate_messages_cpp
[  3%] Built target dynamic_reconfigure_gencfg
[  3%] Built target std_srvs_generate_messages_lisp
[  3%] Built target tf2_msgs_generate_messages_cpp
[  3%] Built target rosgraph_msgs_generate_messages_eus
[  3%] Built target tf2_msgs_generate_messages_py
[  3%] Built target geometry_msgs_generate_messages_cpp
[  3%] Built target dynamic_reconfigure_generate_messages_nodejs
[  3%] Built target sensor_msgs_generate_messages_cpp
[  3%] Built target dynamic_reconfigure_generate_messages_eus
[  3%] Built target dynamic_reconfigure_generate_messages_lisp
[  3%] Built target std_srvs_generate_messages_eus
[  3%] Built target tf_generate_messages_lisp
[  3%] Built target tf_generate_messages_cpp
[ 20%] Built target tracking_pid_generate_messages_nodejs
[ 38%] Built target tracking_pid_generate_messages_eus
[ 55%] Built target tracking_pid_generate_messages_lisp
[ 74%] Built target tracking_pid_generate_messages_py
[ 91%] Built target tracking_pid_generate_messages_cpp
[ 91%] Built target tracking_pid_generate_messages
[ 94%] Built target tracking_pid
[100%] Built target controller
