[35m[1mScanning dependencies of target _tracking_pid_generate_messages_check_deps_FollowPathActionResult[0m
[35m[1mScanning dependencies of target _tracking_pid_generate_messages_check_deps_traj_point[0m
[35m[1mScanning dependencies of target tf_generate_messages_nodejs[0m
[35m[1mScanning dependencies of target _tracking_pid_generate_messages_check_deps_FollowPathGoal[0m
[35m[1mScanning dependencies of target _tracking_pid_generate_messages_check_deps_FollowPathAction[0m
[35m[1mScanning dependencies of target _tracking_pid_generate_messages_check_deps_FollowPathActionGoal[0m
[35m[1mScanning dependencies of target _tracking_pid_generate_messages_check_deps_trajectory[0m
[35m[1mScanning dependencies of target std_msgs_generate_messages_nodejs[0m
[35m[1mScanning dependencies of target _tracking_pid_generate_messages_check_deps_FollowPathResult[0m
[35m[1mScanning dependencies of target _tracking_pid_generate_messages_check_deps_PidDebug[0m
[35m[1mScanning dependencies of target geometry_msgs_generate_messages_nodejs[0m
[35m[1mScanning dependencies of target nav_msgs_generate_messages_nodejs[0m
[35m[1mScanning dependencies of target actionlib_msgs_generate_messages_nodejs[0m
[35m[1mScanning dependencies of target nav_msgs_generate_messages_lisp[0m
[35m[1mScanning dependencies of target _tracking_pid_generate_messages_check_deps_FollowPathActionFeedback[0m
[35m[1mScanning dependencies of target _tracking_pid_generate_messages_check_deps_FollowPathFeedback[0m
[  0%] Built target std_msgs_generate_messages_nodejs
[  0%] Built target tf_generate_messages_nodejs
[  0%] Built target geometry_msgs_generate_messages_nodejs
[  0%] Built target actionlib_msgs_generate_messages_nodejs
[  0%] Built target _tracking_pid_generate_messages_check_deps_trajectory
[35m[1mScanning dependencies of target actionlib_msgs_generate_messages_lisp[0m
[  0%] Built target nav_msgs_generate_messages_lisp
[  0%] Built target _tracking_pid_generate_messages_check_deps_traj_point
[  0%] Built target nav_msgs_generate_messages_nodejs
[35m[1mScanning dependencies of target geometry_msgs_generate_messages_lisp[0m
[35m[1mScanning dependencies of target std_msgs_generate_messages_lisp[0m
[  0%] Built target _tracking_pid_generate_messages_check_deps_FollowPathResult
[  0%] Built target _tracking_pid_generate_messages_check_deps_FollowPathGoal
[  0%] Built target _tracking_pid_generate_messages_check_deps_PidDebug
[  0%] Built target _tracking_pid_generate_messages_check_deps_FollowPathActionGoal
[  0%] Built target _tracking_pid_generate_messages_check_deps_FollowPathActionResult
[  0%] Built target actionlib_msgs_generate_messages_lisp
[  0%] Built target _tracking_pid_generate_messages_check_deps_FollowPathAction
[35m[1mScanning dependencies of target visualization_msgs_generate_messages_py[0m
[35m[1mScanning dependencies of target visualization_msgs_generate_messages_nodejs[0m
[  0%] Built target std_msgs_generate_messages_lisp
[35m[1mScanning dependencies of target tracking_pid_gencfg[0m
[  0%] Built target geometry_msgs_generate_messages_lisp
[35m[1mScanning dependencies of target visualization_msgs_generate_messages_lisp[0m
[35m[1mScanning dependencies of target nav_msgs_generate_messages_eus[0m
[35m[1mScanning dependencies of target actionlib_msgs_generate_messages_eus[0m
[35m[1mScanning dependencies of target std_msgs_generate_messages_eus[0m
[  0%] Built target _tracking_pid_generate_messages_check_deps_FollowPathActionFeedback
[35m[1mScanning dependencies of target tf2_msgs_generate_messages_nodejs[0m
[  0%] Built target _tracking_pid_generate_messages_check_deps_FollowPathFeedback
[  0%] Built target visualization_msgs_generate_messages_nodejs
[35m[1mScanning dependencies of target geometry_msgs_generate_messages_eus[0m
[  0%] Built target visualization_msgs_generate_messages_py
[  1%] [34m[1mGenerating dynamic reconfigure files from cfg/Pid.cfg: /home/metoak/Desktop/coverage_path_plan_autolabor/devel/.private/tracking_pid/include/tracking_pid/PidConfig.h /home/metoak/Desktop/coverage_path_plan_autolabor/devel/.private/tracking_pid/lib/python3/dist-packages/tracking_pid/cfg/PidConfig.py[0m
[  1%] Built target visualization_msgs_generate_messages_lisp
[35m[1mScanning dependencies of target tf2_msgs_generate_messages_lisp[0m
[35m[1mScanning dependencies of target tf2_msgs_generate_messages_eus[0m
[  3%] [34m[1mGenerating dynamic reconfigure files from cfg/TargetVelocity.cfg: /home/metoak/Desktop/coverage_path_plan_autolabor/devel/.private/tracking_pid/include/tracking_pid/TargetVelocityConfig.h /home/metoak/Desktop/coverage_path_plan_autolabor/devel/.private/tracking_pid/lib/python3/dist-packages/tracking_pid/cfg/TargetVelocityConfig.py[0m
[  3%] Built target actionlib_msgs_generate_messages_eus
[  3%] Built target nav_msgs_generate_messages_eus
[35m[1mScanning dependencies of target roscpp_generate_messages_eus[0m
[35m[1mScanning dependencies of target sensor_msgs_generate_messages_py[0m
[35m[1mScanning dependencies of target sensor_msgs_generate_messages_nodejs[0m
[  3%] Built target std_msgs_generate_messages_eus
[  3%] Built target tf2_msgs_generate_messages_nodejs
[  3%] Built target geometry_msgs_generate_messages_eus
[  3%] Built target tf2_msgs_generate_messages_lisp
[35m[1mScanning dependencies of target visualization_msgs_generate_messages_cpp[0m
[35m[1mScanning dependencies of target roscpp_generate_messages_cpp[0m
[35m[1mScanning dependencies of target sensor_msgs_generate_messages_lisp[0m
[  3%] Built target tf2_msgs_generate_messages_eus
[  3%] Built target sensor_msgs_generate_messages_py
[  3%] Built target sensor_msgs_generate_messages_nodejs
[  3%] Built target roscpp_generate_messages_eus
[35m[1mScanning dependencies of target sensor_msgs_generate_messages_eus[0m
[  3%] Built target roscpp_generate_messages_cpp
[  3%] Built target sensor_msgs_generate_messages_lisp
[  3%] Built target visualization_msgs_generate_messages_cpp
[35m[1mScanning dependencies of target roscpp_generate_messages_nodejs[0m
[35m[1mScanning dependencies of target std_msgs_generate_messages_cpp[0m
[35m[1mScanning dependencies of target actionlib_msgs_generate_messages_py[0m
[35m[1mScanning dependencies of target rosgraph_msgs_generate_messages_nodejs[0m
[35m[1mScanning dependencies of target tf_generate_messages_eus[0m
[35m[1mScanning dependencies of target std_msgs_generate_messages_py[0m
[  3%] Built target sensor_msgs_generate_messages_eus
[35m[1mScanning dependencies of target actionlib_generate_messages_cpp[0m
[  3%] Built target rosgraph_msgs_generate_messages_nodejs
[  3%] Built target actionlib_msgs_generate_messages_py
[  3%] Built target actionlib_generate_messages_cpp
[35m[1mScanning dependencies of target actionlib_generate_messages_py[0m
[  3%] Built target std_msgs_generate_messages_cpp
[35m[1mScanning dependencies of target rosgraph_msgs_generate_messages_lisp[0m
[  3%] Built target roscpp_generate_messages_nodejs
[  3%] Built target std_msgs_generate_messages_py
[35m[1mScanning dependencies of target actionlib_generate_messages_lisp[0m
[  3%] Built target tf_generate_messages_eus
Generating reconfiguration files for TargetVelocity in tracking_pid
[35m[1mScanning dependencies of target nav_msgs_generate_messages_py[0m
[35m[1mScanning dependencies of target actionlib_generate_messages_nodejs[0m
Generating reconfiguration files for Pid in tracking_pid
[35m[1mScanning dependencies of target _catkin_empty_exported_target[0m
[35m[1mScanning dependencies of target rosgraph_msgs_generate_messages_cpp[0m
[35m[1mScanning dependencies of target actionlib_msgs_generate_messages_cpp[0m
[35m[1mScanning dependencies of target rosgraph_msgs_generate_messages_py[0m
Wrote header file in /home/metoak/Desktop/coverage_path_plan_autolabor/devel/.private/tracking_pid/include/tracking_pid/PidConfig.h
[35m[1mScanning dependencies of target roscpp_generate_messages_lisp[0m
[35m[1mScanning dependencies of target actionlib_generate_messages_eus[0m
[35m[1mScanning dependencies of target roscpp_generate_messages_py[0m
[35m[1mScanning dependencies of target geometry_msgs_generate_messages_py[0m
[  3%] Built target rosgraph_msgs_generate_messages_lisp
Wrote header file in /home/metoak/Desktop/coverage_path_plan_autolabor/devel/.private/tracking_pid/include/tracking_pid/TargetVelocityConfig.h
[  3%] Built target actionlib_generate_messages_lisp
[  3%] Built target actionlib_generate_messages_py
[35m[1mScanning dependencies of target tf_generate_messages_py[0m
[  3%] Built target actionlib_generate_messages_nodejs
[  3%] Built target _catkin_empty_exported_target
[  3%] Built target roscpp_generate_messages_lisp
[  3%] Built target rosgraph_msgs_generate_messages_py
[  3%] Built target actionlib_msgs_generate_messages_cpp
[  3%] Built target roscpp_generate_messages_py
[  3%] Built target rosgraph_msgs_generate_messages_cpp
[  3%] Built target tf_generate_messages_py
[  3%] Built target nav_msgs_generate_messages_py
[35m[1mScanning dependencies of target std_srvs_generate_messages_py[0m
[35m[1mScanning dependencies of target rosgraph_msgs_generate_messages_eus[0m
[  3%] Built target actionlib_generate_messages_eus
[  3%] Built target geometry_msgs_generate_messages_py
[35m[1mScanning dependencies of target dynamic_reconfigure_generate_messages_cpp[0m
[35m[1mScanning dependencies of target visualization_msgs_generate_messages_eus[0m
[35m[1mScanning dependencies of target std_srvs_generate_messages_cpp[0m
[35m[1mScanning dependencies of target dynamic_reconfigure_generate_messages_py[0m
[35m[1mScanning dependencies of target nav_msgs_generate_messages_cpp[0m
[35m[1mScanning dependencies of target tf2_msgs_generate_messages_cpp[0m
[35m[1mScanning dependencies of target std_srvs_generate_messages_nodejs[0m
[35m[1mScanning dependencies of target dynamic_reconfigure_gencfg[0m
[  3%] Built target std_srvs_generate_messages_py
[35m[1mScanning dependencies of target dynamic_reconfigure_generate_messages_lisp[0m
[35m[1mScanning dependencies of target std_srvs_generate_messages_lisp[0m
[  3%] Built target rosgraph_msgs_generate_messages_eus
[  3%] Built target std_srvs_generate_messages_cpp
[  3%] Built target dynamic_reconfigure_generate_messages_py
[  3%] Built target std_srvs_generate_messages_nodejs
[  3%] Built target visualization_msgs_generate_messages_eus
[  3%] Built target dynamic_reconfigure_generate_messages_lisp
[  3%] Built target nav_msgs_generate_messages_cpp
[  3%] Built target dynamic_reconfigure_gencfg
[  3%] Built target tf2_msgs_generate_messages_cpp
[  3%] Built target dynamic_reconfigure_generate_messages_cpp
[  3%] Built target std_srvs_generate_messages_lisp
[35m[1mScanning dependencies of target sensor_msgs_generate_messages_cpp[0m
[35m[1mScanning dependencies of target dynamic_reconfigure_generate_messages_nodejs[0m
[35m[1mScanning dependencies of target tf2_msgs_generate_messages_py[0m
[35m[1mScanning dependencies of target tf_generate_messages_cpp[0m
[35m[1mScanning dependencies of target std_srvs_generate_messages_eus[0m
[35m[1mScanning dependencies of target tf_generate_messages_lisp[0m
[35m[1mScanning dependencies of target dynamic_reconfigure_generate_messages_eus[0m
[35m[1mScanning dependencies of target tracking_pid_generate_messages_nodejs[0m
[35m[1mScanning dependencies of target geometry_msgs_generate_messages_cpp[0m
[  3%] Built target tracking_pid_gencfg
[  3%] Built target dynamic_reconfigure_generate_messages_nodejs
[  3%] Built target tf2_msgs_generate_messages_py
[  3%] Built target sensor_msgs_generate_messages_cpp
[35m[1mScanning dependencies of target tracking_pid_generate_messages_eus[0m
[  3%] Built target tf_generate_messages_cpp
[35m[1mScanning dependencies of target tracking_pid_generate_messages_py[0m
[  3%] Built target std_srvs_generate_messages_eus
[35m[1mScanning dependencies of target tracking_pid_generate_messages_lisp[0m
[  5%] [34m[1mGenerating Javascript code from tracking_pid/PidDebug.msg[0m
[  5%] Built target dynamic_reconfigure_generate_messages_eus
[  5%] Built target tf_generate_messages_lisp
[ 13%] Built target geometry_msgs_generate_messages_cpp
[ 13%] [34m[1mGenerating EusLisp code from tracking_pid/FollowPathActionResult.msg[0m
[ 13%] [34m[1mGenerating Python from MSG tracking_pid/PidDebug[0m
[ 13%] [34m[1mGenerating Python from MSG tracking_pid/traj_point[0m
[ 13%] [34m[1mGenerating EusLisp code from tracking_pid/trajectory.msg[0m
[ 13%] [34m[1mGenerating EusLisp code from tracking_pid/FollowPathActionGoal.msg[0m
[ 15%] [34m[1mGenerating EusLisp code from tracking_pid/traj_point.msg[0m
[ 16%] [34m[1mGenerating EusLisp code from tracking_pid/FollowPathAction.msg[0m
[ 18%] [34m[1mGenerating Python from MSG tracking_pid/trajectory[0m
[ 22%] [34m[1mGenerating Python from MSG tracking_pid/FollowPathActionGoal[0m
[ 23%] [34m[1mGenerating Python from MSG tracking_pid/FollowPathAction[0m
[ 22%] [34m[1mGenerating EusLisp code from tracking_pid/PidDebug.msg[0m
[ 27%] [34m[1mGenerating Lisp code from tracking_pid/PidDebug.msg[0m
[ 27%] [34m[1mGenerating Javascript code from tracking_pid/traj_point.msg[0m
[ 28%] [34m[1mGenerating EusLisp code from tracking_pid/FollowPathActionFeedback.msg[0m
[35m[1mScanning dependencies of target tracking_pid_generate_messages_cpp[0m
[ 30%] [34m[1mGenerating C++ code from tracking_pid/PidDebug.msg[0m
[ 32%] [34m[1mGenerating C++ code from tracking_pid/traj_point.msg[0m
[ 33%] [34m[1mGenerating Javascript code from tracking_pid/trajectory.msg[0m
[ 35%] [34m[1mGenerating Lisp code from tracking_pid/traj_point.msg[0m
[ 37%] [34m[1mGenerating Lisp code from tracking_pid/trajectory.msg[0m
[ 38%] [34m[1mGenerating EusLisp code from tracking_pid/FollowPathGoal.msg[0m
[ 40%] [34m[1mGenerating EusLisp code from tracking_pid/FollowPathResult.msg[0m
[ 42%] [34m[1mGenerating Javascript code from tracking_pid/FollowPathAction.msg[0m
[ 44%] [34m[1mGenerating EusLisp code from tracking_pid/FollowPathFeedback.msg[0m
[ 45%] [34m[1mGenerating EusLisp manifest code for tracking_pid[0m
[ 47%] [34m[1mGenerating Javascript code from tracking_pid/FollowPathActionGoal.msg[0m
[ 49%] [34m[1mGenerating C++ code from tracking_pid/FollowPathAction.msg[0m
[ 50%] [34m[1mGenerating C++ code from tracking_pid/trajectory.msg[0m
[ 52%] [34m[1mGenerating Lisp code from tracking_pid/FollowPathAction.msg[0m
[ 54%] [34m[1mGenerating Lisp code from tracking_pid/FollowPathActionGoal.msg[0m
[ 55%] [34m[1mGenerating Python from MSG tracking_pid/FollowPathActionResult[0m
[ 57%] [34m[1mGenerating Lisp code from tracking_pid/FollowPathActionResult.msg[0m
[ 59%] [34m[1mGenerating Javascript code from tracking_pid/FollowPathActionResult.msg[0m
[ 62%] [34m[1mGenerating Python from MSG tracking_pid/FollowPathActionFeedback[0m
[ 62%] [34m[1mGenerating Lisp code from tracking_pid/FollowPathActionFeedback.msg[0m
[ 64%] [34m[1mGenerating Javascript code from tracking_pid/FollowPathGoal.msg[0m
[ 66%] [34m[1mGenerating Javascript code from tracking_pid/FollowPathActionFeedback.msg[0m
[ 67%] [34m[1mGenerating Javascript code from tracking_pid/FollowPathResult.msg[0m
[ 69%] [34m[1mGenerating C++ code from tracking_pid/FollowPathActionGoal.msg[0m
[ 71%] [34m[1mGenerating Lisp code from tracking_pid/FollowPathResult.msg[0m
[ 72%] [34m[1mGenerating Python from MSG tracking_pid/FollowPathGoal[0m
[ 74%] [34m[1mGenerating Javascript code from tracking_pid/FollowPathFeedback.msg[0m
[ 76%] [34m[1mGenerating Lisp code from tracking_pid/FollowPathGoal.msg[0m
[ 77%] [34m[1mGenerating Lisp code from tracking_pid/FollowPathFeedback.msg[0m
[ 79%] [34m[1mGenerating C++ code from tracking_pid/FollowPathActionResult.msg[0m
[ 81%] [34m[1mGenerating C++ code from tracking_pid/FollowPathActionFeedback.msg[0m
[ 83%] [34m[1mGenerating C++ code from tracking_pid/FollowPathGoal.msg[0m
[ 84%] [34m[1mGenerating Python from MSG tracking_pid/FollowPathResult[0m
[ 86%] [34m[1mGenerating C++ code from tracking_pid/FollowPathResult.msg[0m
[ 88%] [34m[1mGenerating Python from MSG tracking_pid/FollowPathFeedback[0m
[ 89%] [34m[1mGenerating C++ code from tracking_pid/FollowPathFeedback.msg[0m
[ 89%] Built target tracking_pid_generate_messages_nodejs
[ 89%] Built target tracking_pid_generate_messages_lisp
[ 89%] Built target tracking_pid_generate_messages_cpp
[ 91%] [34m[1mGenerating Python msg __init__.py for tracking_pid[0m
[ 91%] Built target tracking_pid_generate_messages_eus
[ 91%] Built target tracking_pid_generate_messages_py
[35m[1mScanning dependencies of target tracking_pid_generate_messages[0m
[35m[1mScanning dependencies of target tracking_pid[0m
[35m[1mScanning dependencies of target controller[0m
[ 91%] Built target tracking_pid_generate_messages
[ 93%] [32mBuilding CXX object CMakeFiles/tracking_pid.dir/src/controller.cpp.o[0m
[ 96%] [32mBuilding CXX object CMakeFiles/controller.dir/src/controller.cpp.o[0m
[ 96%] [32mBuilding CXX object CMakeFiles/controller.dir/src/controller_node.cpp.o[0m
[ 98%] [32m[1mLinking CXX shared library /home/metoak/Desktop/coverage_path_plan_autolabor/devel/.private/tracking_pid/lib/libtracking_pid.so[0m
[ 98%] Built target tracking_pid
[100%] [32m[1mLinking CXX executable /home/metoak/Desktop/coverage_path_plan_autolabor/devel/.private/tracking_pid/lib/tracking_pid/controller[0m
[100%] Built target controller
