Symlinking /home/metoak/Desktop/coverage_path_plan_autolabor/devel/lib/libtracking_pid.so
Symlinking /home/metoak/Desktop/coverage_path_plan_autolabor/devel/lib/python3/dist-packages/tracking_pid/__init__.py
Symlinking /home/metoak/Desktop/coverage_path_plan_autolabor/devel/lib/python3/dist-packages/tracking_pid/cfg/__init__.py
Symlinking /home/metoak/Desktop/coverage_path_plan_autolabor/devel/lib/python3/dist-packages/tracking_pid/cfg/TargetVelocityConfig.py
Symlinking /home/metoak/Desktop/coverage_path_plan_autolabor/devel/lib/python3/dist-packages/tracking_pid/cfg/PidConfig.py
Symlinking /home/metoak/Desktop/coverage_path_plan_autolabor/devel/lib/python3/dist-packages/tracking_pid/msg/_FollowPathActionResult.py
Symlinking /home/metoak/Desktop/coverage_path_plan_autolabor/devel/lib/python3/dist-packages/tracking_pid/msg/_FollowPathGoal.py
Symlinking /home/metoak/Desktop/coverage_path_plan_autolabor/devel/lib/python3/dist-packages/tracking_pid/msg/__init__.py
Symlinking /home/metoak/Desktop/coverage_path_plan_autolabor/devel/lib/python3/dist-packages/tracking_pid/msg/_trajectory.py
Symlinking /home/metoak/Desktop/coverage_path_plan_autolabor/devel/lib/python3/dist-packages/tracking_pid/msg/_FollowPathFeedback.py
Symlinking /home/metoak/Desktop/coverage_path_plan_autolabor/devel/lib/python3/dist-packages/tracking_pid/msg/_PidDebug.py
Symlinking /home/metoak/Desktop/coverage_path_plan_autolabor/devel/lib/python3/dist-packages/tracking_pid/msg/_FollowPathAction.py
Symlinking /home/metoak/Desktop/coverage_path_plan_autolabor/devel/lib/python3/dist-packages/tracking_pid/msg/_FollowPathActionFeedback.py
Symlinking /home/metoak/Desktop/coverage_path_plan_autolabor/devel/lib/python3/dist-packages/tracking_pid/msg/_traj_point.py
Symlinking /home/metoak/Desktop/coverage_path_plan_autolabor/devel/lib/python3/dist-packages/tracking_pid/msg/_FollowPathActionGoal.py
Symlinking /home/metoak/Desktop/coverage_path_plan_autolabor/devel/lib/python3/dist-packages/tracking_pid/msg/_FollowPathResult.py
Symlinking /home/metoak/Desktop/coverage_path_plan_autolabor/devel/lib/tracking_pid/controller
Symlinking /home/metoak/Desktop/coverage_path_plan_autolabor/devel/lib/tracking_pid/cmake.lock
Symlinking /home/metoak/Desktop/coverage_path_plan_autolabor/devel/lib/tracking_pid/path_interpolator
Symlinking /home/metoak/Desktop/coverage_path_plan_autolabor/devel/lib/pkgconfig/tracking_pid.pc
Symlinking /home/metoak/Desktop/coverage_path_plan_autolabor/devel/share/common-lisp/ros/tracking_pid/msg/_package_trajectory.lisp
Symlinking /home/metoak/Desktop/coverage_path_plan_autolabor/devel/share/common-lisp/ros/tracking_pid/msg/_package_FollowPathActionResult.lisp
Symlinking /home/metoak/Desktop/coverage_path_plan_autolabor/devel/share/common-lisp/ros/tracking_pid/msg/trajectory.lisp
Symlinking /home/metoak/Desktop/coverage_path_plan_autolabor/devel/share/common-lisp/ros/tracking_pid/msg/FollowPathActionGoal.lisp
Symlinking /home/metoak/Desktop/coverage_path_plan_autolabor/devel/share/common-lisp/ros/tracking_pid/msg/FollowPathGoal.lisp
Symlinking /home/metoak/Desktop/coverage_path_plan_autolabor/devel/share/common-lisp/ros/tracking_pid/msg/_package_FollowPathActionGoal.lisp
Symlinking /home/metoak/Desktop/coverage_path_plan_autolabor/devel/share/common-lisp/ros/tracking_pid/msg/_package_FollowPathGoal.lisp
Symlinking /home/metoak/Desktop/coverage_path_plan_autolabor/devel/share/common-lisp/ros/tracking_pid/msg/FollowPathFeedback.lisp
Symlinking /home/metoak/Desktop/coverage_path_plan_autolabor/devel/share/common-lisp/ros/tracking_pid/msg/FollowPathAction.lisp
Symlinking /home/metoak/Desktop/coverage_path_plan_autolabor/devel/share/common-lisp/ros/tracking_pid/msg/_package_FollowPathActionFeedback.lisp
Symlinking /home/metoak/Desktop/coverage_path_plan_autolabor/devel/share/common-lisp/ros/tracking_pid/msg/PidDebug.lisp
Symlinking /home/metoak/Desktop/coverage_path_plan_autolabor/devel/share/common-lisp/ros/tracking_pid/msg/traj_point.lisp
Symlinking /home/metoak/Desktop/coverage_path_plan_autolabor/devel/share/common-lisp/ros/tracking_pid/msg/_package.lisp
Symlinking /home/metoak/Desktop/coverage_path_plan_autolabor/devel/share/common-lisp/ros/tracking_pid/msg/_package_FollowPathAction.lisp
Symlinking /home/metoak/Desktop/coverage_path_plan_autolabor/devel/share/common-lisp/ros/tracking_pid/msg/_package_traj_point.lisp
Symlinking /home/metoak/Desktop/coverage_path_plan_autolabor/devel/share/common-lisp/ros/tracking_pid/msg/_package_FollowPathFeedback.lisp
Symlinking /home/metoak/Desktop/coverage_path_plan_autolabor/devel/share/common-lisp/ros/tracking_pid/msg/tracking_pid-msg.asd
Symlinking /home/metoak/Desktop/coverage_path_plan_autolabor/devel/share/common-lisp/ros/tracking_pid/msg/_package_FollowPathResult.lisp
Symlinking /home/metoak/Desktop/coverage_path_plan_autolabor/devel/share/common-lisp/ros/tracking_pid/msg/FollowPathActionResult.lisp
Symlinking /home/metoak/Desktop/coverage_path_plan_autolabor/devel/share/common-lisp/ros/tracking_pid/msg/FollowPathResult.lisp
Symlinking /home/metoak/Desktop/coverage_path_plan_autolabor/devel/share/common-lisp/ros/tracking_pid/msg/_package_PidDebug.lisp
Symlinking /home/metoak/Desktop/coverage_path_plan_autolabor/devel/share/common-lisp/ros/tracking_pid/msg/FollowPathActionFeedback.lisp
Symlinking /home/metoak/Desktop/coverage_path_plan_autolabor/devel/share/gennodejs/ros/tracking_pid/_index.js
Symlinking /home/metoak/Desktop/coverage_path_plan_autolabor/devel/share/gennodejs/ros/tracking_pid/msg/FollowPathResult.js
Symlinking /home/metoak/Desktop/coverage_path_plan_autolabor/devel/share/gennodejs/ros/tracking_pid/msg/trajectory.js
Symlinking /home/metoak/Desktop/coverage_path_plan_autolabor/devel/share/gennodejs/ros/tracking_pid/msg/FollowPathActionGoal.js
Symlinking /home/metoak/Desktop/coverage_path_plan_autolabor/devel/share/gennodejs/ros/tracking_pid/msg/_index.js
Symlinking /home/metoak/Desktop/coverage_path_plan_autolabor/devel/share/gennodejs/ros/tracking_pid/msg/traj_point.js
Symlinking /home/metoak/Desktop/coverage_path_plan_autolabor/devel/share/gennodejs/ros/tracking_pid/msg/FollowPathAction.js
Symlinking /home/metoak/Desktop/coverage_path_plan_autolabor/devel/share/gennodejs/ros/tracking_pid/msg/FollowPathFeedback.js
Symlinking /home/metoak/Desktop/coverage_path_plan_autolabor/devel/share/gennodejs/ros/tracking_pid/msg/FollowPathActionResult.js
Symlinking /home/metoak/Desktop/coverage_path_plan_autolabor/devel/share/gennodejs/ros/tracking_pid/msg/FollowPathGoal.js
Symlinking /home/metoak/Desktop/coverage_path_plan_autolabor/devel/share/gennodejs/ros/tracking_pid/msg/FollowPathActionFeedback.js
Symlinking /home/metoak/Desktop/coverage_path_plan_autolabor/devel/share/gennodejs/ros/tracking_pid/msg/PidDebug.js
Symlinking /home/metoak/Desktop/coverage_path_plan_autolabor/devel/share/tracking_pid/msg/FollowPathActionFeedback.msg
Symlinking /home/metoak/Desktop/coverage_path_plan_autolabor/devel/share/tracking_pid/msg/FollowPathGoal.msg
Symlinking /home/metoak/Desktop/coverage_path_plan_autolabor/devel/share/tracking_pid/msg/FollowPathFeedback.msg
Symlinking /home/metoak/Desktop/coverage_path_plan_autolabor/devel/share/tracking_pid/msg/FollowPathActionGoal.msg
Symlinking /home/metoak/Desktop/coverage_path_plan_autolabor/devel/share/tracking_pid/msg/FollowPathAction.msg
Symlinking /home/metoak/Desktop/coverage_path_plan_autolabor/devel/share/tracking_pid/msg/FollowPathResult.msg
Symlinking /home/metoak/Desktop/coverage_path_plan_autolabor/devel/share/tracking_pid/msg/FollowPathActionResult.msg
Symlinking /home/metoak/Desktop/coverage_path_plan_autolabor/devel/share/tracking_pid/cmake/tracking_pidConfig.cmake
Symlinking /home/metoak/Desktop/coverage_path_plan_autolabor/devel/share/tracking_pid/cmake/tracking_pid-msg-extras.cmake
Symlinking /home/metoak/Desktop/coverage_path_plan_autolabor/devel/share/tracking_pid/cmake/tracking_pidConfig-version.cmake
Symlinking /home/metoak/Desktop/coverage_path_plan_autolabor/devel/share/tracking_pid/cmake/tracking_pid-msg-paths.cmake
Symlinking /home/metoak/Desktop/coverage_path_plan_autolabor/devel/share/tracking_pid/docs/TargetVelocityConfig-usage.dox
Symlinking /home/metoak/Desktop/coverage_path_plan_autolabor/devel/share/tracking_pid/docs/PidConfig.wikidoc
Symlinking /home/metoak/Desktop/coverage_path_plan_autolabor/devel/share/tracking_pid/docs/PidConfig.dox
Symlinking /home/metoak/Desktop/coverage_path_plan_autolabor/devel/share/tracking_pid/docs/TargetVelocityConfig.dox
Symlinking /home/metoak/Desktop/coverage_path_plan_autolabor/devel/share/tracking_pid/docs/TargetVelocityConfig.wikidoc
Symlinking /home/metoak/Desktop/coverage_path_plan_autolabor/devel/share/tracking_pid/docs/PidConfig-usage.dox
Symlinking /home/metoak/Desktop/coverage_path_plan_autolabor/devel/share/roseus/ros/tracking_pid/manifest.l
Symlinking /home/metoak/Desktop/coverage_path_plan_autolabor/devel/share/roseus/ros/tracking_pid/msg/FollowPathResult.l
Symlinking /home/metoak/Desktop/coverage_path_plan_autolabor/devel/share/roseus/ros/tracking_pid/msg/traj_point.l
Symlinking /home/metoak/Desktop/coverage_path_plan_autolabor/devel/share/roseus/ros/tracking_pid/msg/PidDebug.l
Symlinking /home/metoak/Desktop/coverage_path_plan_autolabor/devel/share/roseus/ros/tracking_pid/msg/FollowPathFeedback.l
Symlinking /home/metoak/Desktop/coverage_path_plan_autolabor/devel/share/roseus/ros/tracking_pid/msg/FollowPathActionResult.l
Symlinking /home/metoak/Desktop/coverage_path_plan_autolabor/devel/share/roseus/ros/tracking_pid/msg/FollowPathGoal.l
Symlinking /home/metoak/Desktop/coverage_path_plan_autolabor/devel/share/roseus/ros/tracking_pid/msg/FollowPathAction.l
Symlinking /home/metoak/Desktop/coverage_path_plan_autolabor/devel/share/roseus/ros/tracking_pid/msg/FollowPathActionFeedback.l
Symlinking /home/metoak/Desktop/coverage_path_plan_autolabor/devel/share/roseus/ros/tracking_pid/msg/FollowPathActionGoal.l
Symlinking /home/metoak/Desktop/coverage_path_plan_autolabor/devel/share/roseus/ros/tracking_pid/msg/trajectory.l
Symlinking /home/metoak/Desktop/coverage_path_plan_autolabor/devel/include/tracking_pid/FollowPathFeedback.h
Symlinking /home/metoak/Desktop/coverage_path_plan_autolabor/devel/include/tracking_pid/PidConfig.h
Symlinking /home/metoak/Desktop/coverage_path_plan_autolabor/devel/include/tracking_pid/FollowPathAction.h
Symlinking /home/metoak/Desktop/coverage_path_plan_autolabor/devel/include/tracking_pid/FollowPathActionResult.h
Symlinking /home/metoak/Desktop/coverage_path_plan_autolabor/devel/include/tracking_pid/FollowPathActionFeedback.h
Symlinking /home/metoak/Desktop/coverage_path_plan_autolabor/devel/include/tracking_pid/FollowPathGoal.h
Symlinking /home/metoak/Desktop/coverage_path_plan_autolabor/devel/include/tracking_pid/traj_point.h
Symlinking /home/metoak/Desktop/coverage_path_plan_autolabor/devel/include/tracking_pid/FollowPathActionGoal.h
Symlinking /home/metoak/Desktop/coverage_path_plan_autolabor/devel/include/tracking_pid/FollowPathResult.h
Symlinking /home/metoak/Desktop/coverage_path_plan_autolabor/devel/include/tracking_pid/TargetVelocityConfig.h
Symlinking /home/metoak/Desktop/coverage_path_plan_autolabor/devel/include/tracking_pid/PidDebug.h
Symlinking /home/metoak/Desktop/coverage_path_plan_autolabor/devel/include/tracking_pid/trajectory.h
